<?xml version="1.0" encoding="UTF-8"?>
<testng-results ignored="0" total="4" passed="4" failed="0" skipped="0">
  <reporter-output>
  </reporter-output>
  <suite started-at="2025-09-10T11:55:31 IST" name="Default suite" finished-at="2025-09-10T11:57:47 IST" duration-ms="135260">
    <groups>
      <group name="cucumber">
        <method signature="AbstractTestNGCucumberTests.runScenario(io.cucumber.testng.PickleWrapper,io.cucumber.testng.FeatureWrapper)[pri:0, instance:com.runner.TestRunnerTestNG@7817fd62]" name="runScenario" class="io.cucumber.testng.AbstractTestNGCucumberTests"/>
      </group> <!-- cucumber -->
    </groups>
    <test started-at="2025-09-10T11:55:31 IST" name="Default test" finished-at="2025-09-10T11:57:47 IST" duration-ms="135260">
      <class name="com.runner.TestRunnerTestNG">
        <test-method is-config="true" signature="setUpClass(org.testng.ITestContext)[pri:0, instance:com.runner.TestRunnerTestNG@7817fd62]" started-at="2025-09-10T11:55:32 IST" name="setUpClass" finished-at="2025-09-10T11:56:07 IST" duration-ms="35177" status="PASS">
          <params>
            <param index="0">
              <value>
                <![CDATA[org.testng.TestRunner@681c0ae6]]>
              </value>
            </param>
          </params>
          <reporter-output>
          </reporter-output>
        </test-method> <!-- setUpClass -->
        <test-method signature="runScenario(io.cucumber.testng.PickleWrapper,io.cucumber.testng.FeatureWrapper)[pri:0, instance:com.runner.TestRunnerTestNG@7817fd62]" started-at="2025-09-10T11:56:07 IST" name="runScenario" description="Runs Cucumber Scenarios" data-provider="scenarios" finished-at="2025-09-10T11:56:10 IST" duration-ms="3210" status="PASS">
          <params>
            <param index="0">
              <value>
                <![CDATA["Get the details of the property and owner successfully"]]>
              </value>
            </param>
            <param index="1">
              <value>
                <![CDATA["Test Buying a property"]]>
              </value>
            </param>
          </params>
          <reporter-output>
          </reporter-output>
        </test-method> <!-- runScenario -->
        <test-method signature="runScenario(io.cucumber.testng.PickleWrapper,io.cucumber.testng.FeatureWrapper)[pri:0, instance:com.runner.TestRunnerTestNG@7817fd62]" started-at="2025-09-10T11:56:10 IST" name="runScenario" description="Runs Cucumber Scenarios" data-provider="scenarios" finished-at="2025-09-10T11:57:11 IST" duration-ms="60804" status="PASS">
          <params>
            <param index="0">
              <value>
                <![CDATA["Valid user login successfully"]]>
              </value>
            </param>
            <param index="1">
              <value>
                <![CDATA["Test Buying a property"]]>
              </value>
            </param>
          </params>
          <reporter-output>
          </reporter-output>
        </test-method> <!-- runScenario -->
        <test-method signature="runScenario(io.cucumber.testng.PickleWrapper,io.cucumber.testng.FeatureWrapper)[pri:0, instance:com.runner.TestRunnerTestNG@7817fd62]" started-at="2025-09-10T11:57:11 IST" name="runScenario" description="Runs Cucumber Scenarios" data-provider="scenarios" finished-at="2025-09-10T11:57:36 IST" duration-ms="25246" status="PASS">
          <params>
            <param index="0">
              <value>
                <![CDATA["Search and validate property listings by location"]]>
              </value>
            </param>
            <param index="1">
              <value>
                <![CDATA["Magicbricks Property Search"]]>
              </value>
            </param>
          </params>
          <reporter-output>
          </reporter-output>
        </test-method> <!-- runScenario -->
        <test-method signature="runScenario(io.cucumber.testng.PickleWrapper,io.cucumber.testng.FeatureWrapper)[pri:0, instance:com.runner.TestRunnerTestNG@7817fd62]" started-at="2025-09-10T11:57:36 IST" name="runScenario" description="Runs Cucumber Scenarios" data-provider="scenarios" finished-at="2025-09-10T11:57:46 IST" duration-ms="9626" status="PASS">
          <params>
            <param index="0">
              <value>
                <![CDATA["Verify shortlisting a property from the listing results"]]>
              </value>
            </param>
            <param index="1">
              <value>
                <![CDATA["Shortlist property from listing page"]]>
              </value>
            </param>
          </params>
          <reporter-output>
          </reporter-output>
        </test-method> <!-- runScenario -->
        <test-method is-config="true" signature="tearDownClass()[pri:0, instance:com.runner.TestRunnerTestNG@7817fd62]" started-at="2025-09-10T11:57:46 IST" name="tearDownClass" finished-at="2025-09-10T11:57:47 IST" duration-ms="1100" status="PASS">
          <reporter-output>
          </reporter-output>
        </test-method> <!-- tearDownClass -->
      </class> <!-- com.runner.TestRunnerTestNG -->
    </test> <!-- Default test -->
  </suite> <!-- Default suite -->
</testng-results>
