<?xml version="1.0" encoding="UTF-8"?>
<testng-results ignored="0" total="2" passed="2" failed="0" skipped="0">
  <reporter-output>
  </reporter-output>
  <suite started-at="2025-09-07T22:18:13 IST" name="Default suite" finished-at="2025-09-07T22:19:01 IST" duration-ms="48511">
    <groups>
      <group name="cucumber">
        <method signature="AbstractTestNGCucumberTests.runScenario(io.cucumber.testng.PickleWrapper,io.cucumber.testng.FeatureWrapper)[pri:0, instance:com.runner.TestRunnerTestNG@77f1baf5]" name="runScenario" class="io.cucumber.testng.AbstractTestNGCucumberTests"/>
      </group> <!-- cucumber -->
    </groups>
    <test started-at="2025-09-07T22:18:13 IST" name="Default test" finished-at="2025-09-07T22:19:01 IST" duration-ms="48511">
      <class name="com.runner.TestRunnerTestNG">
        <test-method is-config="true" signature="setUpClass(org.testng.ITestContext)[pri:0, instance:com.runner.TestRunnerTestNG@77f1baf5]" started-at="2025-09-07T22:18:13 IST" name="setUpClass" finished-at="2025-09-07T22:18:14 IST" duration-ms="950" status="PASS">
          <params>
            <param index="0">
              <value>
                <![CDATA[org.testng.TestRunner@2cc04358]]>
              </value>
            </param>
          </params>
          <reporter-output>
          </reporter-output>
        </test-method> <!-- setUpClass -->
        <test-method signature="runScenario(io.cucumber.testng.PickleWrapper,io.cucumber.testng.FeatureWrapper)[pri:0, instance:com.runner.TestRunnerTestNG@77f1baf5]" started-at="2025-09-07T22:18:14 IST" name="runScenario" description="Runs Cucumber Scenarios" data-provider="scenarios" finished-at="2025-09-07T22:18:14 IST" duration-ms="140" status="PASS">
          <params>
            <param index="0">
              <value>
                <![CDATA["Get the details of the commercial property\"]]>
              </value>
            </param>
            <param index="1">
              <value>
                <![CDATA["Contacting the Interior Designer"]]>
              </value>
            </param>
          </params>
          <reporter-output>
          </reporter-output>
        </test-method> <!-- runScenario -->
        <test-method signature="runScenario(io.cucumber.testng.PickleWrapper,io.cucumber.testng.FeatureWrapper)[pri:0, instance:com.runner.TestRunnerTestNG@77f1baf5]" started-at="2025-09-07T22:18:14 IST" name="runScenario" description="Runs Cucumber Scenarios" data-provider="scenarios" finished-at="2025-09-07T22:19:01 IST" duration-ms="47297" status="PASS">
          <params>
            <param index="0">
              <value>
                <![CDATA["Login successful"]]>
              </value>
            </param>
            <param index="1">
              <value>
                <![CDATA["Contacting the Interior Designer"]]>
              </value>
            </param>
          </params>
          <reporter-output>
          </reporter-output>
        </test-method> <!-- runScenario -->
        <test-method is-config="true" signature="tearDownClass()[pri:0, instance:com.runner.TestRunnerTestNG@77f1baf5]" started-at="2025-09-07T22:19:01 IST" name="tearDownClass" finished-at="2025-09-07T22:19:01 IST" duration-ms="41" status="PASS">
          <reporter-output>
          </reporter-output>
        </test-method> <!-- tearDownClass -->
      </class> <!-- com.runner.TestRunnerTestNG -->
    </test> <!-- Default test -->
  </suite> <!-- Default suite -->
</testng-results>
